<?xml version="1.0" encoding="UTF-8"?>
<coverage generated="1503228294146" clover="3.2.0">
  <project timestamp="1503228294146" name="All files">
    <metrics statements="134" coveredstatements="132" conditionals="44" coveredconditionals="39" methods="44" coveredmethods="43" elements="222" coveredelements="214" complexity="0" loc="134" ncloc="134" packages="6" files="11" classes="11">
      <package name="components">
        <metrics statements="18" coveredstatements="18" conditionals="6" coveredconditionals="3" methods="7" coveredmethods="7"/>
        <file name="board.jsx" path="/home/kfbr392/Documents/repos/tic_tac_toe_react/frontend/src/components/board.jsx">
          <metrics statements="4" coveredstatements="4" conditionals="4" coveredconditionals="2" methods="2" coveredmethods="2"/>
          <line num="5" count="3" type="stmt"/>
          <line num="6" count="2" type="stmt"/>
          <line num="10" count="18" type="stmt"/>
          <line num="26" count="3" type="stmt"/>
        </file>
        <file name="game_ended_dialog.jsx" path="/home/kfbr392/Documents/repos/tic_tac_toe_react/frontend/src/components/game_ended_dialog.jsx">
          <metrics statements="3" coveredstatements="3" conditionals="0" coveredconditionals="0" methods="1" coveredmethods="1"/>
          <line num="5" count="3" type="stmt"/>
          <line num="6" count="2" type="stmt"/>
          <line num="17" count="3" type="stmt"/>
        </file>
        <file name="github_button.jsx" path="/home/kfbr392/Documents/repos/tic_tac_toe_react/frontend/src/components/github_button.jsx">
          <metrics statements="2" coveredstatements="2" conditionals="0" coveredconditionals="0" methods="1" coveredmethods="1"/>
          <line num="4" count="4" type="stmt"/>
          <line num="5" count="2" type="stmt"/>
        </file>
        <file name="header.jsx" path="/home/kfbr392/Documents/repos/tic_tac_toe_react/frontend/src/components/header.jsx">
          <metrics statements="3" coveredstatements="3" conditionals="0" coveredconditionals="0" methods="1" coveredmethods="1"/>
          <line num="8" count="3" type="stmt"/>
          <line num="9" count="2" type="stmt"/>
          <line num="18" count="3" type="stmt"/>
        </file>
        <file name="new_game_button.jsx" path="/home/kfbr392/Documents/repos/tic_tac_toe_react/frontend/src/components/new_game_button.jsx">
          <metrics statements="3" coveredstatements="3" conditionals="0" coveredconditionals="0" methods="1" coveredmethods="1"/>
          <line num="5" count="4" type="stmt"/>
          <line num="6" count="2" type="stmt"/>
          <line num="14" count="4" type="stmt"/>
        </file>
        <file name="progress_bar.jsx" path="/home/kfbr392/Documents/repos/tic_tac_toe_react/frontend/src/components/progress_bar.jsx">
          <metrics statements="3" coveredstatements="3" conditionals="2" coveredconditionals="1" methods="1" coveredmethods="1"/>
          <line num="5" count="3" type="stmt"/>
          <line num="6" count="2" type="cond" truecount="1" falsecount="1"/>
          <line num="12" count="3" type="stmt"/>
        </file>
      </package>
      <package name="containers">
        <metrics statements="13" coveredstatements="12" conditionals="0" coveredconditionals="0" methods="6" coveredmethods="5"/>
        <file name="app.jsx" path="/home/kfbr392/Documents/repos/tic_tac_toe_react/frontend/src/containers/app.jsx">
          <metrics statements="13" coveredstatements="12" conditionals="0" coveredconditionals="0" methods="6" coveredmethods="5"/>
          <line num="13" count="2" type="stmt"/>
          <line num="14" count="2" type="stmt"/>
          <line num="15" count="2" type="stmt"/>
          <line num="19" count="10" type="stmt"/>
          <line num="20" count="1" type="stmt"/>
          <line num="21" count="1" type="stmt"/>
          <line num="22" count="1" type="stmt"/>
          <line num="23" count="1" type="stmt"/>
          <line num="28" count="1" type="stmt"/>
          <line num="32" count="2" type="stmt"/>
          <line num="52" count="2" type="stmt"/>
          <line num="75" count="2" type="stmt"/>
          <line num="76" count="0" type="stmt"/>
        </file>
      </package>
      <package name="services">
        <metrics statements="40" coveredstatements="40" conditionals="21" coveredconditionals="21" methods="17" coveredmethods="17"/>
        <file name="minimax.js" path="/home/kfbr392/Documents/repos/tic_tac_toe_react/frontend/src/services/minimax.js">
          <metrics statements="40" coveredstatements="40" conditionals="21" coveredconditionals="21" methods="17" coveredmethods="17"/>
          <line num="1" count="5" type="stmt"/>
          <line num="2" count="5" type="stmt"/>
          <line num="5" count="5" type="stmt"/>
          <line num="6" count="2534" type="cond" truecount="2" falsecount="0"/>
          <line num="9" count="20272" type="cond" truecount="3" falsecount="0"/>
          <line num="13" count="18252" type="stmt"/>
          <line num="17" count="5" type="stmt"/>
          <line num="18" count="13352" type="cond" truecount="2" falsecount="0"/>
          <line num="19" count="13352" type="stmt"/>
          <line num="20" count="13352" type="stmt"/>
          <line num="25" count="5" type="stmt"/>
          <line num="26" count="5533" type="stmt"/>
          <line num="27" count="5533" type="stmt"/>
          <line num="28" count="5533" type="stmt"/>
          <line num="37" count="5" type="stmt"/>
          <line num="38" count="1669" type="stmt"/>
          <line num="39" count="1669" type="stmt"/>
          <line num="41" count="15021" type="cond" truecount="2" falsecount="0"/>
          <line num="43" count="1669" type="stmt"/>
          <line num="46" count="15021" type="stmt"/>
          <line num="54" count="5" type="stmt"/>
          <line num="55" count="27" type="stmt"/>
          <line num="68" count="5" type="stmt"/>
          <line num="70" count="1390" type="cond" truecount="2" falsecount="0"/>
          <line num="71" count="258" type="stmt"/>
          <line num="74" count="1132" type="cond" truecount="2" falsecount="0"/>
          <line num="75" count="221" type="stmt"/>
          <line num="78" count="911" type="cond" truecount="2" falsecount="0"/>
          <line num="81" count="737" type="cond" truecount="2" falsecount="0"/>
          <line num="84" count="712" type="stmt"/>
          <line num="92" count="712" type="stmt"/>
          <line num="97" count="651" type="stmt"/>
          <line num="105" count="651" type="stmt"/>
          <line num="110" count="5" type="stmt"/>
          <line num="111" count="27" type="cond" truecount="2" falsecount="0"/>
          <line num="112" count="7" type="stmt"/>
          <line num="113" count="7" type="stmt"/>
          <line num="115" count="27" type="stmt"/>
          <line num="123" count="5" type="stmt"/>
          <line num="124" count="7" type="cond" truecount="2" falsecount="0"/>
        </file>
      </package>
      <package name="store.action_creators">
        <metrics statements="12" coveredstatements="12" conditionals="4" coveredconditionals="4" methods="6" coveredmethods="6"/>
        <file name="board.js" path="/home/kfbr392/Documents/repos/tic_tac_toe_react/frontend/src/store/action_creators/board.js">
          <metrics statements="12" coveredstatements="12" conditionals="4" coveredconditionals="4" methods="6" coveredmethods="6"/>
          <line num="4" count="3" type="stmt"/>
          <line num="5" count="2" type="cond" truecount="2" falsecount="0"/>
          <line num="6" count="1" type="stmt"/>
          <line num="12" count="3" type="stmt"/>
          <line num="13" count="2" type="cond" truecount="2" falsecount="0"/>
          <line num="14" count="1" type="stmt"/>
          <line num="15" count="1" type="stmt"/>
          <line num="16" count="1" type="stmt"/>
          <line num="19" count="3" type="stmt"/>
          <line num="20" count="1" type="stmt"/>
          <line num="25" count="3" type="stmt"/>
          <line num="26" count="1" type="stmt"/>
        </file>
      </package>
      <package name="store.actions">
        <metrics statements="7" coveredstatements="7" conditionals="0" coveredconditionals="0" methods="0" coveredmethods="0"/>
        <file name="board.js" path="/home/kfbr392/Documents/repos/tic_tac_toe_react/frontend/src/store/actions/board.js">
          <metrics statements="7" coveredstatements="7" conditionals="0" coveredconditionals="0" methods="0" coveredmethods="0"/>
          <line num="1" count="4" type="stmt"/>
          <line num="2" count="4" type="stmt"/>
          <line num="4" count="4" type="stmt"/>
          <line num="6" count="4" type="stmt"/>
          <line num="8" count="4" type="stmt"/>
          <line num="9" count="4" type="stmt"/>
          <line num="11" count="4" type="stmt"/>
        </file>
      </package>
      <package name="store.reducers">
        <metrics statements="44" coveredstatements="43" conditionals="13" coveredconditionals="11" methods="8" coveredmethods="8"/>
        <file name="board.js" path="/home/kfbr392/Documents/repos/tic_tac_toe_react/frontend/src/store/reducers/board.js">
          <metrics statements="44" coveredstatements="43" conditionals="13" coveredconditionals="11" methods="8" coveredmethods="8"/>
          <line num="10" count="1" type="stmt"/>
          <line num="31" count="1" type="stmt"/>
          <line num="32" count="1" type="stmt"/>
          <line num="33" count="1" type="stmt"/>
          <line num="34" count="1" type="stmt"/>
          <line num="37" count="1" type="stmt"/>
          <line num="38" count="1" type="stmt"/>
          <line num="58" count="1" type="stmt"/>
          <line num="61" count="1" type="stmt"/>
          <line num="62" count="1" type="stmt"/>
          <line num="63" count="1" type="stmt"/>
          <line num="64" count="1" type="stmt"/>
          <line num="67" count="1" type="stmt"/>
          <line num="68" count="1" type="stmt"/>
          <line num="69" count="1" type="stmt"/>
          <line num="70" count="1" type="stmt"/>
          <line num="73" count="1" type="stmt"/>
          <line num="74" count="1" type="stmt"/>
          <line num="75" count="1" type="stmt"/>
          <line num="76" count="1" type="stmt"/>
          <line num="77" count="1" type="stmt"/>
          <line num="80" count="1" type="stmt"/>
          <line num="81" count="1" type="stmt"/>
          <line num="82" count="1" type="stmt"/>
          <line num="83" count="1" type="stmt"/>
          <line num="86" count="1" type="stmt"/>
          <line num="87" count="3" type="stmt"/>
          <line num="88" count="3" type="cond" truecount="2" falsecount="0"/>
          <line num="89" count="2" type="stmt"/>
          <line num="90" count="2" type="stmt"/>
          <line num="93" count="3" type="cond" truecount="2" falsecount="0"/>
          <line num="94" count="1" type="stmt"/>
          <line num="95" count="1" type="stmt"/>
          <line num="97" count="3" type="stmt"/>
          <line num="100" count="1" type="cond" truecount="0" falsecount="1"/>
          <line num="101" count="9" type="cond" truecount="7" falsecount="1"/>
          <line num="103" count="3" type="stmt"/>
          <line num="105" count="1" type="stmt"/>
          <line num="107" count="1" type="stmt"/>
          <line num="109" count="1" type="stmt"/>
          <line num="111" count="1" type="stmt"/>
          <line num="113" count="1" type="stmt"/>
          <line num="115" count="1" type="stmt"/>
          <line num="117" count="0" type="stmt"/>
        </file>
      </package>
    </metrics>
  </project>
</coverage>
