{"/home/kfbr392/Documents/repos/tic_tac_toe_react/frontend/src/components/board.jsx": {"path":"/home/kfbr392/Documents/repos/tic_tac_toe_react/frontend/src/components/board.jsx","statementMap":{"0":{"start":{"line":5,"column":14},"end":{"line":24,"column":8}},"1":{"start":{"line":6,"column":2},"end":{"line":24,"column":8}},"2":{"start":{"line":10,"column":10},"end":{"line":20,"column":16}},"3":{"start":{"line":26,"column":0},"end":{"line":41,"column":2}}},"fnMap":{"0":{"name":"(anonymous_0)","decl":{"start":{"line":5,"column":14},"end":{"line":5,"column":15}},"loc":{"start":{"line":6,"column":2},"end":{"line":24,"column":8}},"line":6},"1":{"name":"(anonymous_1)","decl":{"start":{"line":9,"column":27},"end":{"line":9,"column":28}},"loc":{"start":{"line":10,"column":10},"end":{"line":20,"column":16}},"line":10}},"branchMap":{"0":{"loc":{"start":{"line":16,"column":15},"end":{"line":18,"column":67}},"type":"cond-expr","locations":[{"start":{"line":17,"column":18},"end":{"line":17,"column":28}},{"start":{"line":18,"column":18},"end":{"line":18,"column":67}}],"line":16},"1":{"loc":{"start":{"line":18,"column":18},"end":{"line":18,"column":67}},"type":"cond-expr","locations":[{"start":{"line":18,"column":48},"end":{"line":18,"column":60}},{"start":{"line":18,"column":63},"end":{"line":18,"column":67}}],"line":18}},"s":{"0":3,"1":2,"2":18,"3":3},"f":{"0":2,"1":18},"b":{"0":[0,18],"1":[0,18]},"_coverageSchema":"332fd63041d2c1bcb487cc26dd0d5f7d97098a6c","hash":"b5719c3c2c76ad1d5d1dc00b0afe96808d43d307"}
,"/home/kfbr392/Documents/repos/tic_tac_toe_react/frontend/src/components/game_ended_dialog.jsx": {"path":"/home/kfbr392/Documents/repos/tic_tac_toe_react/frontend/src/components/game_ended_dialog.jsx","statementMap":{"0":{"start":{"line":5,"column":24},"end":{"line":15,"column":11}},"1":{"start":{"line":6,"column":2},"end":{"line":15,"column":11}},"2":{"start":{"line":17,"column":0},"end":{"line":21,"column":2}}},"fnMap":{"0":{"name":"(anonymous_0)","decl":{"start":{"line":5,"column":24},"end":{"line":5,"column":25}},"loc":{"start":{"line":6,"column":2},"end":{"line":15,"column":11}},"line":6}},"branchMap":{},"s":{"0":3,"1":2,"2":3},"f":{"0":2},"b":{},"_coverageSchema":"332fd63041d2c1bcb487cc26dd0d5f7d97098a6c","hash":"3544d335eb7ade2838bcc2436d1b2ca46318b89c"}
,"/home/kfbr392/Documents/repos/tic_tac_toe_react/frontend/src/components/github_button.jsx": {"path":"/home/kfbr392/Documents/repos/tic_tac_toe_react/frontend/src/components/github_button.jsx","statementMap":{"0":{"start":{"line":4,"column":21},"end":{"line":12,"column":15}},"1":{"start":{"line":5,"column":2},"end":{"line":12,"column":15}}},"fnMap":{"0":{"name":"(anonymous_0)","decl":{"start":{"line":4,"column":21},"end":{"line":4,"column":22}},"loc":{"start":{"line":5,"column":2},"end":{"line":12,"column":15}},"line":5}},"branchMap":{},"s":{"0":4,"1":2},"f":{"0":2},"b":{},"_coverageSchema":"332fd63041d2c1bcb487cc26dd0d5f7d97098a6c","hash":"15217d52a943359e83547f111deb1ff174762814"}
,"/home/kfbr392/Documents/repos/tic_tac_toe_react/frontend/src/components/header.jsx": {"path":"/home/kfbr392/Documents/repos/tic_tac_toe_react/frontend/src/components/header.jsx","statementMap":{"0":{"start":{"line":8,"column":15},"end":{"line":16,"column":4}},"1":{"start":{"line":9,"column":2},"end":{"line":16,"column":4}},"2":{"start":{"line":18,"column":0},"end":{"line":20,"column":2}}},"fnMap":{"0":{"name":"(anonymous_0)","decl":{"start":{"line":8,"column":15},"end":{"line":8,"column":16}},"loc":{"start":{"line":9,"column":2},"end":{"line":16,"column":4}},"line":9}},"branchMap":{},"s":{"0":3,"1":2,"2":3},"f":{"0":2},"b":{},"_coverageSchema":"332fd63041d2c1bcb487cc26dd0d5f7d97098a6c","hash":"0f867cf6e0540c979f8bbc96c73f53031ceeaa71"}
,"/home/kfbr392/Documents/repos/tic_tac_toe_react/frontend/src/components/new_game_button.jsx": {"path":"/home/kfbr392/Documents/repos/tic_tac_toe_react/frontend/src/components/new_game_button.jsx","statementMap":{"0":{"start":{"line":5,"column":22},"end":{"line":12,"column":15}},"1":{"start":{"line":6,"column":2},"end":{"line":12,"column":15}},"2":{"start":{"line":14,"column":0},"end":{"line":16,"column":2}}},"fnMap":{"0":{"name":"(anonymous_0)","decl":{"start":{"line":5,"column":22},"end":{"line":5,"column":23}},"loc":{"start":{"line":6,"column":2},"end":{"line":12,"column":15}},"line":6}},"branchMap":{},"s":{"0":4,"1":2,"2":4},"f":{"0":2},"b":{},"_coverageSchema":"332fd63041d2c1bcb487cc26dd0d5f7d97098a6c","hash":"eb0a7c86c7d6a5e1522d9ecfb6532f35d60d88f7"}
,"/home/kfbr392/Documents/repos/tic_tac_toe_react/frontend/src/components/progress_bar.jsx": {"path":"/home/kfbr392/Documents/repos/tic_tac_toe_react/frontend/src/components/progress_bar.jsx","statementMap":{"0":{"start":{"line":5,"column":20},"end":{"line":10,"column":42}},"1":{"start":{"line":6,"column":2},"end":{"line":10,"column":42}},"2":{"start":{"line":12,"column":0},"end":{"line":14,"column":2}}},"fnMap":{"0":{"name":"(anonymous_0)","decl":{"start":{"line":5,"column":20},"end":{"line":5,"column":21}},"loc":{"start":{"line":6,"column":2},"end":{"line":10,"column":42}},"line":6}},"branchMap":{"0":{"loc":{"start":{"line":6,"column":2},"end":{"line":10,"column":42}},"type":"cond-expr","locations":[{"start":{"line":7,"column":6},"end":{"line":9,"column":12}},{"start":{"line":10,"column":6},"end":{"line":10,"column":42}}],"line":6}},"s":{"0":3,"1":2,"2":3},"f":{"0":2},"b":{"0":[0,2]},"_coverageSchema":"332fd63041d2c1bcb487cc26dd0d5f7d97098a6c","hash":"75a971101420e295910ffeded400179a18a05886"}
,"/home/kfbr392/Documents/repos/tic_tac_toe_react/frontend/src/containers/app.jsx": {"path":"/home/kfbr392/Documents/repos/tic_tac_toe_react/frontend/src/containers/app.jsx","statementMap":{"0":{"start":{"line":13,"column":4},"end":{"line":13,"column":17}},"1":{"start":{"line":14,"column":4},"end":{"line":14,"column":57}},"2":{"start":{"line":15,"column":4},"end":{"line":15,"column":57}},"3":{"start":{"line":19,"column":4},"end":{"line":24,"column":6}},"4":{"start":{"line":20,"column":6},"end":{"line":20,"column":39}},"5":{"start":{"line":21,"column":6},"end":{"line":21,"column":37}},"6":{"start":{"line":22,"column":6},"end":{"line":22,"column":36}},"7":{"start":{"line":23,"column":6},"end":{"line":23,"column":37}},"8":{"start":{"line":28,"column":4},"end":{"line":28,"column":25}},"9":{"start":{"line":32,"column":4},"end":{"line":48,"column":6}},"10":{"start":{"line":52,"column":0},"end":{"line":73,"column":2}},"11":{"start":{"line":75,"column":24},"end":{"line":84,"column":1}},"12":{"start":{"line":76,"column":2},"end":{"line":83,"column":4}}},"fnMap":{"0":{"name":"(anonymous_0)","decl":{"start":{"line":12,"column":2},"end":{"line":12,"column":3}},"loc":{"start":{"line":12,"column":21},"end":{"line":16,"column":3}},"line":12},"1":{"name":"(anonymous_1)","decl":{"start":{"line":18,"column":2},"end":{"line":18,"column":3}},"loc":{"start":{"line":18,"column":25},"end":{"line":25,"column":3}},"line":18},"2":{"name":"(anonymous_2)","decl":{"start":{"line":19,"column":11},"end":{"line":19,"column":12}},"loc":{"start":{"line":19,"column":17},"end":{"line":24,"column":5}},"line":19},"3":{"name":"(anonymous_3)","decl":{"start":{"line":27,"column":2},"end":{"line":27,"column":3}},"loc":{"start":{"line":27,"column":19},"end":{"line":29,"column":3}},"line":27},"4":{"name":"(anonymous_4)","decl":{"start":{"line":31,"column":2},"end":{"line":31,"column":3}},"loc":{"start":{"line":31,"column":11},"end":{"line":49,"column":3}},"line":31},"5":{"name":"(anonymous_5)","decl":{"start":{"line":75,"column":24},"end":{"line":75,"column":25}},"loc":{"start":{"line":75,"column":33},"end":{"line":84,"column":1}},"line":75}},"branchMap":{},"s":{"0":2,"1":2,"2":2,"3":10,"4":1,"5":1,"6":1,"7":1,"8":1,"9":2,"10":2,"11":2,"12":0},"f":{"0":2,"1":10,"2":1,"3":1,"4":2,"5":0},"b":{},"_coverageSchema":"332fd63041d2c1bcb487cc26dd0d5f7d97098a6c","hash":"56f9d795ae27aa79a1fd2e7b8e001b9dfad3195e"}
,"/home/kfbr392/Documents/repos/tic_tac_toe_react/frontend/src/services/minimax.js": {"path":"/home/kfbr392/Documents/repos/tic_tac_toe_react/frontend/src/services/minimax.js","statementMap":{"0":{"start":{"line":1,"column":15},"end":{"line":1,"column":23}},"1":{"start":{"line":2,"column":17},"end":{"line":2,"column":27}},"2":{"start":{"line":5,"column":18},"end":{"line":15,"column":11}},"3":{"start":{"line":6,"column":2},"end":{"line":15,"column":11}},"4":{"start":{"line":9,"column":8},"end":{"line":11,"column":56}},"5":{"start":{"line":13,"column":19},"end":{"line":13,"column":33}},"6":{"start":{"line":17,"column":26},"end":{"line":21,"column":1}},"7":{"start":{"line":18,"column":2},"end":{"line":18,"column":39}},"8":{"start":{"line":18,"column":24},"end":{"line":18,"column":39}},"9":{"start":{"line":19,"column":2},"end":{"line":19,"column":39}},"10":{"start":{"line":20,"column":2},"end":{"line":20,"column":13}},"11":{"start":{"line":25,"column":17},"end":{"line":29,"column":1}},"12":{"start":{"line":26,"column":17},"end":{"line":26,"column":41}},"13":{"start":{"line":27,"column":2},"end":{"line":27,"column":26}},"14":{"start":{"line":28,"column":2},"end":{"line":28,"column":18}},"15":{"start":{"line":37,"column":18},"end":{"line":47,"column":1}},"16":{"start":{"line":38,"column":29},"end":{"line":38,"column":31}},"17":{"start":{"line":39,"column":2},"end":{"line":42,"column":4}},"18":{"start":{"line":41,"column":6},"end":{"line":41,"column":78}},"19":{"start":{"line":43,"column":2},"end":{"line":46,"column":58}},"20":{"start":{"line":46,"column":21},"end":{"line":46,"column":56}},"21":{"start":{"line":54,"column":16},"end":{"line":58,"column":5}},"22":{"start":{"line":55,"column":2},"end":{"line":58,"column":5}},"23":{"start":{"line":55,"column":33},"end":{"line":58,"column":3}},"24":{"start":{"line":68,"column":22},"end":{"line":108,"column":1}},"25":{"start":{"line":70,"column":2},"end":{"line":71,"column":33}},"26":{"start":{"line":71,"column":4},"end":{"line":71,"column":33}},"27":{"start":{"line":74,"column":2},"end":{"line":75,"column":32}},"28":{"start":{"line":75,"column":4},"end":{"line":75,"column":32}},"29":{"start":{"line":78,"column":2},"end":{"line":78,"column":70}},"30":{"start":{"line":78,"column":61},"end":{"line":78,"column":70}},"31":{"start":{"line":81,"column":2},"end":{"line":107,"column":10}},"32":{"start":{"line":84,"column":10},"end":{"line":89,"column":11}},"33":{"start":{"line":92,"column":37},"end":{"line":92,"column":68}},"34":{"start":{"line":97,"column":10},"end":{"line":102,"column":11}},"35":{"start":{"line":105,"column":37},"end":{"line":105,"column":68}},"36":{"start":{"line":110,"column":25},"end":{"line":116,"column":1}},"37":{"start":{"line":111,"column":2},"end":{"line":114,"column":3}},"38":{"start":{"line":112,"column":4},"end":{"line":112,"column":34}},"39":{"start":{"line":113,"column":4},"end":{"line":113,"column":25}},"40":{"start":{"line":115,"column":2},"end":{"line":115,"column":13}},"41":{"start":{"line":123,"column":24},"end":{"line":127,"column":8}},"42":{"start":{"line":124,"column":2},"end":{"line":127,"column":8}}},"fnMap":{"0":{"name":"(anonymous_0)","decl":{"start":{"line":5,"column":18},"end":{"line":5,"column":19}},"loc":{"start":{"line":6,"column":2},"end":{"line":15,"column":11}},"line":6},"1":{"name":"(anonymous_1)","decl":{"start":{"line":8,"column":6},"end":{"line":8,"column":7}},"loc":{"start":{"line":9,"column":8},"end":{"line":11,"column":56}},"line":9},"2":{"name":"(anonymous_2)","decl":{"start":{"line":13,"column":10},"end":{"line":13,"column":11}},"loc":{"start":{"line":13,"column":19},"end":{"line":13,"column":33}},"line":13},"3":{"name":"(anonymous_3)","decl":{"start":{"line":17,"column":26},"end":{"line":17,"column":27}},"loc":{"start":{"line":17,"column":41},"end":{"line":21,"column":1}},"line":17},"4":{"name":"(anonymous_4)","decl":{"start":{"line":25,"column":17},"end":{"line":25,"column":18}},"loc":{"start":{"line":25,"column":42},"end":{"line":29,"column":1}},"line":25},"5":{"name":"(anonymous_5)","decl":{"start":{"line":37,"column":18},"end":{"line":37,"column":19}},"loc":{"start":{"line":37,"column":27},"end":{"line":47,"column":1}},"line":37},"6":{"name":"(anonymous_6)","decl":{"start":{"line":40,"column":4},"end":{"line":40,"column":5}},"loc":{"start":{"line":41,"column":6},"end":{"line":41,"column":78}},"line":41},"7":{"name":"(anonymous_7)","decl":{"start":{"line":46,"column":12},"end":{"line":46,"column":13}},"loc":{"start":{"line":46,"column":21},"end":{"line":46,"column":56}},"line":46},"8":{"name":"(anonymous_8)","decl":{"start":{"line":54,"column":16},"end":{"line":54,"column":17}},"loc":{"start":{"line":55,"column":2},"end":{"line":58,"column":5}},"line":55},"9":{"name":"(anonymous_9)","decl":{"start":{"line":55,"column":23},"end":{"line":55,"column":24}},"loc":{"start":{"line":55,"column":33},"end":{"line":58,"column":3}},"line":55},"10":{"name":"(anonymous_10)","decl":{"start":{"line":68,"column":22},"end":{"line":68,"column":23}},"loc":{"start":{"line":68,"column":63},"end":{"line":108,"column":1}},"line":68},"11":{"name":"(anonymous_11)","decl":{"start":{"line":83,"column":13},"end":{"line":83,"column":14}},"loc":{"start":{"line":84,"column":10},"end":{"line":89,"column":11}},"line":84},"12":{"name":"(anonymous_12)","decl":{"start":{"line":92,"column":10},"end":{"line":92,"column":11}},"loc":{"start":{"line":92,"column":37},"end":{"line":92,"column":68}},"line":92},"13":{"name":"(anonymous_13)","decl":{"start":{"line":96,"column":13},"end":{"line":96,"column":14}},"loc":{"start":{"line":97,"column":10},"end":{"line":102,"column":11}},"line":97},"14":{"name":"(anonymous_14)","decl":{"start":{"line":105,"column":10},"end":{"line":105,"column":11}},"loc":{"start":{"line":105,"column":37},"end":{"line":105,"column":68}},"line":105},"15":{"name":"(anonymous_15)","decl":{"start":{"line":110,"column":25},"end":{"line":110,"column":26}},"loc":{"start":{"line":110,"column":40},"end":{"line":116,"column":1}},"line":110},"16":{"name":"(anonymous_16)","decl":{"start":{"line":123,"column":24},"end":{"line":123,"column":25}},"loc":{"start":{"line":124,"column":2},"end":{"line":127,"column":8}},"line":124}},"branchMap":{"0":{"loc":{"start":{"line":6,"column":2},"end":{"line":15,"column":11}},"type":"cond-expr","locations":[{"start":{"line":14,"column":6},"end":{"line":14,"column":10}},{"start":{"line":15,"column":6},"end":{"line":15,"column":11}}],"line":6},"1":{"loc":{"start":{"line":9,"column":8},"end":{"line":11,"column":56}},"type":"binary-expr","locations":[{"start":{"line":9,"column":8},"end":{"line":9,"column":34}},{"start":{"line":10,"column":8},"end":{"line":10,"column":45}},{"start":{"line":11,"column":8},"end":{"line":11,"column":56}}],"line":9},"2":{"loc":{"start":{"line":18,"column":2},"end":{"line":18,"column":39}},"type":"if","locations":[{"start":{"line":18,"column":2},"end":{"line":18,"column":39}},{"start":{"line":18,"column":2},"end":{"line":18,"column":39}}],"line":18},"3":{"loc":{"start":{"line":41,"column":6},"end":{"line":41,"column":78}},"type":"cond-expr","locations":[{"start":{"line":41,"column":26},"end":{"line":41,"column":71}},{"start":{"line":41,"column":74},"end":{"line":41,"column":78}}],"line":41},"4":{"loc":{"start":{"line":70,"column":2},"end":{"line":71,"column":33}},"type":"if","locations":[{"start":{"line":70,"column":2},"end":{"line":71,"column":33}},{"start":{"line":70,"column":2},"end":{"line":71,"column":33}}],"line":70},"5":{"loc":{"start":{"line":74,"column":2},"end":{"line":75,"column":32}},"type":"if","locations":[{"start":{"line":74,"column":2},"end":{"line":75,"column":32}},{"start":{"line":74,"column":2},"end":{"line":75,"column":32}}],"line":74},"6":{"loc":{"start":{"line":78,"column":2},"end":{"line":78,"column":70}},"type":"if","locations":[{"start":{"line":78,"column":2},"end":{"line":78,"column":70}},{"start":{"line":78,"column":2},"end":{"line":78,"column":70}}],"line":78},"7":{"loc":{"start":{"line":81,"column":9},"end":{"line":107,"column":9}},"type":"cond-expr","locations":[{"start":{"line":82,"column":6},"end":{"line":94,"column":9}},{"start":{"line":95,"column":6},"end":{"line":107,"column":9}}],"line":81},"8":{"loc":{"start":{"line":111,"column":2},"end":{"line":114,"column":3}},"type":"if","locations":[{"start":{"line":111,"column":2},"end":{"line":114,"column":3}},{"start":{"line":111,"column":2},"end":{"line":114,"column":3}}],"line":111},"9":{"loc":{"start":{"line":124,"column":2},"end":{"line":127,"column":8}},"type":"cond-expr","locations":[{"start":{"line":125,"column":6},"end":{"line":126,"column":13}},{"start":{"line":127,"column":6},"end":{"line":127,"column":8}}],"line":124}},"s":{"0":5,"1":5,"2":5,"3":2534,"4":20272,"5":18252,"6":5,"7":13352,"8":1669,"9":13352,"10":13352,"11":5,"12":5533,"13":5533,"14":5533,"15":5,"16":1669,"17":1669,"18":15021,"19":1669,"20":15021,"21":5,"22":6,"23":27,"24":5,"25":1390,"26":258,"27":1132,"28":221,"29":911,"30":174,"31":737,"32":712,"33":712,"34":651,"35":651,"36":5,"37":27,"38":7,"39":7,"40":27,"41":5,"42":7},"f":{"0":2534,"1":20272,"2":18252,"3":13352,"4":5533,"5":1669,"6":15021,"7":15021,"8":6,"9":27,"10":1390,"11":712,"12":712,"13":651,"14":651,"15":27,"16":7},"b":{"0":[489,2045],"1":[20272,8852,2365],"2":[1669,11683],"3":[12203,2818],"4":[258,1132],"5":[221,911],"6":[174,737],"7":[407,330],"8":[7,20],"9":[6,1]},"_coverageSchema":"332fd63041d2c1bcb487cc26dd0d5f7d97098a6c","hash":"6b2c8330e067e0268f43e10b914ab1f956afc11f"}
,"/home/kfbr392/Documents/repos/tic_tac_toe_react/frontend/src/store/action_creators/board.js": {"path":"/home/kfbr392/Documents/repos/tic_tac_toe_react/frontend/src/store/action_creators/board.js","statementMap":{"0":{"start":{"line":4,"column":29},"end":{"line":10,"column":1}},"1":{"start":{"line":4,"column":39},"end":{"line":10,"column":1}},"2":{"start":{"line":5,"column":2},"end":{"line":5,"column":52}},"3":{"start":{"line":5,"column":45},"end":{"line":5,"column":52}},"4":{"start":{"line":6,"column":2},"end":{"line":9,"column":5}},"5":{"start":{"line":12,"column":32},"end":{"line":17,"column":1}},"6":{"start":{"line":12,"column":38},"end":{"line":17,"column":1}},"7":{"start":{"line":13,"column":2},"end":{"line":13,"column":61}},"8":{"start":{"line":13,"column":54},"end":{"line":13,"column":61}},"9":{"start":{"line":14,"column":2},"end":{"line":14,"column":38}},"10":{"start":{"line":15,"column":2},"end":{"line":15,"column":47}},"11":{"start":{"line":16,"column":2},"end":{"line":16,"column":39}},"12":{"start":{"line":19,"column":33},"end":{"line":23,"column":1}},"13":{"start":{"line":20,"column":2},"end":{"line":22,"column":4}},"14":{"start":{"line":25,"column":23},"end":{"line":27,"column":1}},"15":{"start":{"line":26,"column":2},"end":{"line":26,"column":37}}},"fnMap":{"0":{"name":"(anonymous_0)","decl":{"start":{"line":4,"column":29},"end":{"line":4,"column":30}},"loc":{"start":{"line":4,"column":39},"end":{"line":10,"column":1}},"line":4},"1":{"name":"(anonymous_1)","decl":{"start":{"line":4,"column":39},"end":{"line":4,"column":40}},"loc":{"start":{"line":4,"column":63},"end":{"line":10,"column":1}},"line":4},"2":{"name":"(anonymous_2)","decl":{"start":{"line":12,"column":32},"end":{"line":12,"column":33}},"loc":{"start":{"line":12,"column":38},"end":{"line":17,"column":1}},"line":12},"3":{"name":"(anonymous_3)","decl":{"start":{"line":12,"column":38},"end":{"line":12,"column":39}},"loc":{"start":{"line":12,"column":62},"end":{"line":17,"column":1}},"line":12},"4":{"name":"(anonymous_4)","decl":{"start":{"line":19,"column":33},"end":{"line":19,"column":34}},"loc":{"start":{"line":19,"column":39},"end":{"line":23,"column":1}},"line":19},"5":{"name":"(anonymous_5)","decl":{"start":{"line":25,"column":23},"end":{"line":25,"column":24}},"loc":{"start":{"line":25,"column":29},"end":{"line":27,"column":1}},"line":25}},"branchMap":{"0":{"loc":{"start":{"line":5,"column":2},"end":{"line":5,"column":52}},"type":"if","locations":[{"start":{"line":5,"column":2},"end":{"line":5,"column":52}},{"start":{"line":5,"column":2},"end":{"line":5,"column":52}}],"line":5},"1":{"loc":{"start":{"line":13,"column":2},"end":{"line":13,"column":61}},"type":"if","locations":[{"start":{"line":13,"column":2},"end":{"line":13,"column":61}},{"start":{"line":13,"column":2},"end":{"line":13,"column":61}}],"line":13}},"s":{"0":3,"1":2,"2":2,"3":1,"4":1,"5":3,"6":2,"7":2,"8":1,"9":1,"10":1,"11":1,"12":3,"13":1,"14":3,"15":1},"f":{"0":2,"1":2,"2":2,"3":2,"4":1,"5":1},"b":{"0":[1,1],"1":[1,1]},"_coverageSchema":"332fd63041d2c1bcb487cc26dd0d5f7d97098a6c","hash":"b43a1c6967ca01c38bb33eeb679ef4d08b11311e"}
,"/home/kfbr392/Documents/repos/tic_tac_toe_react/frontend/src/store/actions/board.js": {"path":"/home/kfbr392/Documents/repos/tic_tac_toe_react/frontend/src/store/actions/board.js","statementMap":{"0":{"start":{"line":1,"column":25},"end":{"line":1,"column":36}},"1":{"start":{"line":2,"column":26},"end":{"line":2,"column":38}},"2":{"start":{"line":4,"column":27},"end":{"line":4,"column":40}},"3":{"start":{"line":6,"column":26},"end":{"line":6,"column":38}},"4":{"start":{"line":8,"column":31},"end":{"line":8,"column":48}},"5":{"start":{"line":9,"column":34},"end":{"line":9,"column":54}},"6":{"start":{"line":11,"column":32},"end":{"line":11,"column":50}}},"fnMap":{},"branchMap":{},"s":{"0":4,"1":4,"2":4,"3":4,"4":4,"5":4,"6":4},"f":{},"b":{},"_coverageSchema":"332fd63041d2c1bcb487cc26dd0d5f7d97098a6c","hash":"05aaa51b9acbb0c03bb3c243a84a925b84949601"}
,"/home/kfbr392/Documents/repos/tic_tac_toe_react/frontend/src/store/reducers/board.js": {"path":"/home/kfbr392/Documents/repos/tic_tac_toe_react/frontend/src/store/reducers/board.js","statementMap":{"0":{"start":{"line":10,"column":22},"end":{"line":29,"column":1}},"1":{"start":{"line":31,"column":24},"end":{"line":35,"column":1}},"2":{"start":{"line":32,"column":17},"end":{"line":32,"column":35}},"3":{"start":{"line":33,"column":2},"end":{"line":33,"column":37}},"4":{"start":{"line":34,"column":2},"end":{"line":34,"column":18}},"5":{"start":{"line":37,"column":20},"end":{"line":59,"column":1}},"6":{"start":{"line":38,"column":19},"end":{"line":57,"column":3}},"7":{"start":{"line":58,"column":2},"end":{"line":58,"column":18}},"8":{"start":{"line":61,"column":23},"end":{"line":65,"column":1}},"9":{"start":{"line":62,"column":19},"end":{"line":62,"column":37}},"10":{"start":{"line":63,"column":2},"end":{"line":63,"column":41}},"11":{"start":{"line":64,"column":2},"end":{"line":64,"column":18}},"12":{"start":{"line":67,"column":24},"end":{"line":71,"column":1}},"13":{"start":{"line":68,"column":19},"end":{"line":68,"column":37}},"14":{"start":{"line":69,"column":2},"end":{"line":69,"column":42}},"15":{"start":{"line":70,"column":2},"end":{"line":70,"column":18}},"16":{"start":{"line":73,"column":24},"end":{"line":78,"column":1}},"17":{"start":{"line":74,"column":19},"end":{"line":74,"column":37}},"18":{"start":{"line":75,"column":2},"end":{"line":75,"column":39}},"19":{"start":{"line":76,"column":2},"end":{"line":76,"column":38}},"20":{"start":{"line":77,"column":2},"end":{"line":77,"column":18}},"21":{"start":{"line":80,"column":27},"end":{"line":84,"column":1}},"22":{"start":{"line":81,"column":19},"end":{"line":81,"column":37}},"23":{"start":{"line":82,"column":2},"end":{"line":82,"column":63}},"24":{"start":{"line":83,"column":2},"end":{"line":83,"column":18}},"25":{"start":{"line":86,"column":29},"end":{"line":98,"column":1}},"26":{"start":{"line":87,"column":19},"end":{"line":87,"column":37}},"27":{"start":{"line":88,"column":2},"end":{"line":91,"column":3}},"28":{"start":{"line":89,"column":4},"end":{"line":89,"column":41}},"29":{"start":{"line":90,"column":4},"end":{"line":90,"column":49}},"30":{"start":{"line":93,"column":2},"end":{"line":96,"column":3}},"31":{"start":{"line":94,"column":4},"end":{"line":94,"column":41}},"32":{"start":{"line":95,"column":4},"end":{"line":95,"column":54}},"33":{"start":{"line":97,"column":2},"end":{"line":97,"column":18}},"34":{"start":{"line":100,"column":16},"end":{"line":119,"column":1}},"35":{"start":{"line":101,"column":2},"end":{"line":118,"column":3}},"36":{"start":{"line":103,"column":6},"end":{"line":103,"column":41}},"37":{"start":{"line":105,"column":6},"end":{"line":105,"column":39}},"38":{"start":{"line":107,"column":6},"end":{"line":107,"column":45}},"39":{"start":{"line":109,"column":6},"end":{"line":109,"column":27}},"40":{"start":{"line":111,"column":6},"end":{"line":111,"column":35}},"41":{"start":{"line":113,"column":6},"end":{"line":113,"column":36}},"42":{"start":{"line":115,"column":6},"end":{"line":115,"column":45}},"43":{"start":{"line":117,"column":6},"end":{"line":117,"column":19}}},"fnMap":{"0":{"name":"(anonymous_0)","decl":{"start":{"line":31,"column":24},"end":{"line":31,"column":25}},"loc":{"start":{"line":31,"column":44},"end":{"line":35,"column":1}},"line":31},"1":{"name":"(anonymous_1)","decl":{"start":{"line":37,"column":20},"end":{"line":37,"column":21}},"loc":{"start":{"line":37,"column":26},"end":{"line":59,"column":1}},"line":37},"2":{"name":"(anonymous_2)","decl":{"start":{"line":61,"column":23},"end":{"line":61,"column":24}},"loc":{"start":{"line":61,"column":32},"end":{"line":65,"column":1}},"line":61},"3":{"name":"(anonymous_3)","decl":{"start":{"line":67,"column":24},"end":{"line":67,"column":25}},"loc":{"start":{"line":67,"column":33},"end":{"line":71,"column":1}},"line":67},"4":{"name":"(anonymous_4)","decl":{"start":{"line":73,"column":24},"end":{"line":73,"column":25}},"loc":{"start":{"line":73,"column":44},"end":{"line":78,"column":1}},"line":73},"5":{"name":"(anonymous_5)","decl":{"start":{"line":80,"column":27},"end":{"line":80,"column":28}},"loc":{"start":{"line":80,"column":36},"end":{"line":84,"column":1}},"line":80},"6":{"name":"(anonymous_6)","decl":{"start":{"line":86,"column":29},"end":{"line":86,"column":30}},"loc":{"start":{"line":86,"column":38},"end":{"line":98,"column":1}},"line":86},"7":{"name":"(anonymous_7)","decl":{"start":{"line":100,"column":16},"end":{"line":100,"column":17}},"loc":{"start":{"line":100,"column":62},"end":{"line":119,"column":1}},"line":100}},"branchMap":{"0":{"loc":{"start":{"line":88,"column":2},"end":{"line":91,"column":3}},"type":"if","locations":[{"start":{"line":88,"column":2},"end":{"line":91,"column":3}},{"start":{"line":88,"column":2},"end":{"line":91,"column":3}}],"line":88},"1":{"loc":{"start":{"line":93,"column":2},"end":{"line":96,"column":3}},"type":"if","locations":[{"start":{"line":93,"column":2},"end":{"line":96,"column":3}},{"start":{"line":93,"column":2},"end":{"line":96,"column":3}}],"line":93},"2":{"loc":{"start":{"line":100,"column":17},"end":{"line":100,"column":38}},"type":"default-arg","locations":[{"start":{"line":100,"column":25},"end":{"line":100,"column":38}}],"line":100},"3":{"loc":{"start":{"line":101,"column":2},"end":{"line":118,"column":3}},"type":"switch","locations":[{"start":{"line":102,"column":4},"end":{"line":103,"column":41}},{"start":{"line":104,"column":4},"end":{"line":105,"column":39}},{"start":{"line":106,"column":4},"end":{"line":107,"column":45}},{"start":{"line":108,"column":4},"end":{"line":109,"column":27}},{"start":{"line":110,"column":4},"end":{"line":111,"column":35}},{"start":{"line":112,"column":4},"end":{"line":113,"column":36}},{"start":{"line":114,"column":4},"end":{"line":115,"column":45}},{"start":{"line":116,"column":4},"end":{"line":117,"column":19}}],"line":101}},"s":{"0":1,"1":1,"2":1,"3":1,"4":1,"5":1,"6":1,"7":1,"8":1,"9":1,"10":1,"11":1,"12":1,"13":1,"14":1,"15":1,"16":1,"17":1,"18":1,"19":1,"20":1,"21":1,"22":1,"23":1,"24":1,"25":1,"26":3,"27":3,"28":2,"29":2,"30":3,"31":1,"32":1,"33":3,"34":1,"35":9,"36":3,"37":1,"38":1,"39":1,"40":1,"41":1,"42":1,"43":0},"f":{"0":1,"1":1,"2":1,"3":1,"4":1,"5":1,"6":3,"7":9},"b":{"0":[2,1],"1":[1,2],"2":[0],"3":[3,1,1,1,1,1,1,0]},"_coverageSchema":"332fd63041d2c1bcb487cc26dd0d5f7d97098a6c","hash":"d26230b2cc5fdcd46ab1b32fb18984cbed7a8f33"}
}
