TN:
SF:/home/kfbr392/Documents/repos/tic_tac_toe_react/frontend/src/components/board.jsx
FN:5,(anonymous_0)
FN:9,(anonymous_1)
FNF:2
FNH:2
FNDA:2,(anonymous_0)
FNDA:18,(anonymous_1)
DA:5,3
DA:6,2
DA:10,18
DA:26,3
LF:4
LH:4
BRDA:16,0,0,0
BRDA:16,0,1,18
BRDA:18,1,0,0
BRDA:18,1,1,18
BRF:4
BRH:2
end_of_record
TN:
SF:/home/kfbr392/Documents/repos/tic_tac_toe_react/frontend/src/components/game_ended_dialog.jsx
FN:5,(anonymous_0)
FNF:1
FNH:1
FNDA:2,(anonymous_0)
DA:5,3
DA:6,2
DA:17,3
LF:3
LH:3
BRF:0
BRH:0
end_of_record
TN:
SF:/home/kfbr392/Documents/repos/tic_tac_toe_react/frontend/src/components/github_button.jsx
FN:4,(anonymous_0)
FNF:1
FNH:1
FNDA:2,(anonymous_0)
DA:4,4
DA:5,2
LF:2
LH:2
BRF:0
BRH:0
end_of_record
TN:
SF:/home/kfbr392/Documents/repos/tic_tac_toe_react/frontend/src/components/header.jsx
FN:8,(anonymous_0)
FNF:1
FNH:1
FNDA:2,(anonymous_0)
DA:8,3
DA:9,2
DA:18,3
LF:3
LH:3
BRF:0
BRH:0
end_of_record
TN:
SF:/home/kfbr392/Documents/repos/tic_tac_toe_react/frontend/src/components/new_game_button.jsx
FN:5,(anonymous_0)
FNF:1
FNH:1
FNDA:2,(anonymous_0)
DA:5,4
DA:6,2
DA:14,4
LF:3
LH:3
BRF:0
BRH:0
end_of_record
TN:
SF:/home/kfbr392/Documents/repos/tic_tac_toe_react/frontend/src/components/progress_bar.jsx
FN:5,(anonymous_0)
FNF:1
FNH:1
FNDA:2,(anonymous_0)
DA:5,3
DA:6,2
DA:12,3
LF:3
LH:3
BRDA:6,0,0,0
BRDA:6,0,1,2
BRF:2
BRH:1
end_of_record
TN:
SF:/home/kfbr392/Documents/repos/tic_tac_toe_react/frontend/src/containers/app.jsx
FN:12,(anonymous_0)
FN:18,(anonymous_1)
FN:19,(anonymous_2)
FN:27,(anonymous_3)
FN:31,(anonymous_4)
FN:75,(anonymous_5)
FNF:6
FNH:5
FNDA:2,(anonymous_0)
FNDA:10,(anonymous_1)
FNDA:1,(anonymous_2)
FNDA:1,(anonymous_3)
FNDA:2,(anonymous_4)
FNDA:0,(anonymous_5)
DA:13,2
DA:14,2
DA:15,2
DA:19,10
DA:20,1
DA:21,1
DA:22,1
DA:23,1
DA:28,1
DA:32,2
DA:52,2
DA:75,2
DA:76,0
LF:13
LH:12
BRF:0
BRH:0
end_of_record
TN:
SF:/home/kfbr392/Documents/repos/tic_tac_toe_react/frontend/src/services/minimax.js
FN:5,(anonymous_0)
FN:8,(anonymous_1)
FN:13,(anonymous_2)
FN:17,(anonymous_3)
FN:25,(anonymous_4)
FN:37,(anonymous_5)
FN:40,(anonymous_6)
FN:46,(anonymous_7)
FN:54,(anonymous_8)
FN:55,(anonymous_9)
FN:68,(anonymous_10)
FN:83,(anonymous_11)
FN:92,(anonymous_12)
FN:96,(anonymous_13)
FN:105,(anonymous_14)
FN:110,(anonymous_15)
FN:123,(anonymous_16)
FNF:17
FNH:17
FNDA:2534,(anonymous_0)
FNDA:20272,(anonymous_1)
FNDA:18252,(anonymous_2)
FNDA:13352,(anonymous_3)
FNDA:5533,(anonymous_4)
FNDA:1669,(anonymous_5)
FNDA:15021,(anonymous_6)
FNDA:15021,(anonymous_7)
FNDA:6,(anonymous_8)
FNDA:27,(anonymous_9)
FNDA:1390,(anonymous_10)
FNDA:712,(anonymous_11)
FNDA:712,(anonymous_12)
FNDA:651,(anonymous_13)
FNDA:651,(anonymous_14)
FNDA:27,(anonymous_15)
FNDA:7,(anonymous_16)
DA:1,5
DA:2,5
DA:5,5
DA:6,2534
DA:9,20272
DA:13,18252
DA:17,5
DA:18,13352
DA:19,13352
DA:20,13352
DA:25,5
DA:26,5533
DA:27,5533
DA:28,5533
DA:37,5
DA:38,1669
DA:39,1669
DA:41,15021
DA:43,1669
DA:46,15021
DA:54,5
DA:55,27
DA:68,5
DA:70,1390
DA:71,258
DA:74,1132
DA:75,221
DA:78,911
DA:81,737
DA:84,712
DA:92,712
DA:97,651
DA:105,651
DA:110,5
DA:111,27
DA:112,7
DA:113,7
DA:115,27
DA:123,5
DA:124,7
LF:40
LH:40
BRDA:6,0,0,489
BRDA:6,0,1,2045
BRDA:9,1,0,20272
BRDA:9,1,1,8852
BRDA:9,1,2,2365
BRDA:18,2,0,1669
BRDA:18,2,1,11683
BRDA:41,3,0,12203
BRDA:41,3,1,2818
BRDA:70,4,0,258
BRDA:70,4,1,1132
BRDA:74,5,0,221
BRDA:74,5,1,911
BRDA:78,6,0,174
BRDA:78,6,1,737
BRDA:81,7,0,407
BRDA:81,7,1,330
BRDA:111,8,0,7
BRDA:111,8,1,20
BRDA:124,9,0,6
BRDA:124,9,1,1
BRF:21
BRH:21
end_of_record
TN:
SF:/home/kfbr392/Documents/repos/tic_tac_toe_react/frontend/src/store/action_creators/board.js
FN:4,(anonymous_0)
FN:4,(anonymous_1)
FN:12,(anonymous_2)
FN:12,(anonymous_3)
FN:19,(anonymous_4)
FN:25,(anonymous_5)
FNF:6
FNH:6
FNDA:2,(anonymous_0)
FNDA:2,(anonymous_1)
FNDA:2,(anonymous_2)
FNDA:2,(anonymous_3)
FNDA:1,(anonymous_4)
FNDA:1,(anonymous_5)
DA:4,3
DA:5,2
DA:6,1
DA:12,3
DA:13,2
DA:14,1
DA:15,1
DA:16,1
DA:19,3
DA:20,1
DA:25,3
DA:26,1
LF:12
LH:12
BRDA:5,0,0,1
BRDA:5,0,1,1
BRDA:13,1,0,1
BRDA:13,1,1,1
BRF:4
BRH:4
end_of_record
TN:
SF:/home/kfbr392/Documents/repos/tic_tac_toe_react/frontend/src/store/actions/board.js
FNF:0
FNH:0
DA:1,4
DA:2,4
DA:4,4
DA:6,4
DA:8,4
DA:9,4
DA:11,4
LF:7
LH:7
BRF:0
BRH:0
end_of_record
TN:
SF:/home/kfbr392/Documents/repos/tic_tac_toe_react/frontend/src/store/reducers/board.js
FN:31,(anonymous_0)
FN:37,(anonymous_1)
FN:61,(anonymous_2)
FN:67,(anonymous_3)
FN:73,(anonymous_4)
FN:80,(anonymous_5)
FN:86,(anonymous_6)
FN:100,(anonymous_7)
FNF:8
FNH:8
FNDA:1,(anonymous_0)
FNDA:1,(anonymous_1)
FNDA:1,(anonymous_2)
FNDA:1,(anonymous_3)
FNDA:1,(anonymous_4)
FNDA:1,(anonymous_5)
FNDA:3,(anonymous_6)
FNDA:9,(anonymous_7)
DA:10,1
DA:31,1
DA:32,1
DA:33,1
DA:34,1
DA:37,1
DA:38,1
DA:58,1
DA:61,1
DA:62,1
DA:63,1
DA:64,1
DA:67,1
DA:68,1
DA:69,1
DA:70,1
DA:73,1
DA:74,1
DA:75,1
DA:76,1
DA:77,1
DA:80,1
DA:81,1
DA:82,1
DA:83,1
DA:86,1
DA:87,3
DA:88,3
DA:89,2
DA:90,2
DA:93,3
DA:94,1
DA:95,1
DA:97,3
DA:100,1
DA:101,9
DA:103,3
DA:105,1
DA:107,1
DA:109,1
DA:111,1
DA:113,1
DA:115,1
DA:117,0
LF:44
LH:43
BRDA:88,0,0,2
BRDA:88,0,1,1
BRDA:93,1,0,1
BRDA:93,1,1,2
BRDA:100,2,0,0
BRDA:101,3,0,3
BRDA:101,3,1,1
BRDA:101,3,2,1
BRDA:101,3,3,1
BRDA:101,3,4,1
BRDA:101,3,5,1
BRDA:101,3,6,1
BRDA:101,3,7,0
BRF:13
BRH:11
end_of_record
